<?xml version="1.0" encoding="UTF-8"?>
<testng-results ignored="0" total="1" passed="1" failed="0" skipped="0">
  <reporter-output>
  </reporter-output>
  <suite started-at="2022-08-11T08:58:11 ICT" name="Default suite" finished-at="2022-08-11T08:58:14 ICT" duration-ms="3045">
    <groups>
    </groups>
    <test started-at="2022-08-11T08:58:11 ICT" name="Default test" finished-at="2022-08-11T08:58:14 ICT" duration-ms="3045">
      <class name="APITest">
        <test-method signature="signUp()[pri:0, instance:APITest@209da20d]" started-at="2022-08-11T08:58:11 ICT" name="signUp" finished-at="2022-08-11T08:58:14 ICT" duration-ms="3024" status="PASS">
          <reporter-output>
          </reporter-output>
        </test-method> <!-- signUp -->
      </class> <!-- APITest -->
    </test> <!-- Default test -->
  </suite> <!-- Default suite -->
</testng-results>
